<?xml version="1.0" encoding="UTF-8"?>
<!-- Generated by org.testng.reporters.JUnitReportReporter -->
<testsuite hostname="JT-031" failures="0" tests="1" name="seleniumFramework.Test3ValidateInActivestatus" time="54.091" errors="0" timestamp="2024-03-26T16:05:14 IST" skipped="0">
  <testcase classname="seleniumFramework.Test3ValidateInActivestatus" name="searchAndPrintResults" time="54.091"/>
</testsuite> <!-- seleniumFramework.Test3ValidateInActivestatus -->
